<?xml version="1.0" encoding="UTF-8"?>
<!-- Generated by org.testng.reporters.JUnitReportReporter -->
<testsuite hostname="IN-PG02P5S6" failures="0" tests="1" name="com.Selenium_assignment.tests.FooterPageTest" time="7.583" errors="0" timestamp="05 Mar 2022 07:09:57 GMT" skipped="0">
  <testcase classname="com.Selenium_assignment.tests.FooterPageTest" name="clickfb" time="7.583"/>
</testsuite> <!-- com.Selenium_assignment.tests.FooterPageTest -->
