<?xml version="1.0" encoding="UTF-8"?>
<!-- Generated by org.testng.reporters.JUnitReportReporter -->
<testsuite hostname="IN-PG02P5S6" failures="0" tests="2" name="com.Selenium_assignment.tests.FooterPageTest" time="8.381" errors="0" timestamp="2022-03-05T15:36:50 IST" skipped="0">
  <testcase classname="com.Selenium_assignment.tests.FooterPageTest" name="clickhelp" time="3.661"/>
  <system-out/>
  <testcase classname="com.Selenium_assignment.tests.FooterPageTest" name="clickfb" time="4.720"/>
  <system-out/>
</testsuite> <!-- com.Selenium_assignment.tests.FooterPageTest -->
