<?xml version="1.0" encoding="UTF-8"?>
<!-- Generated by org.testng.reporters.JUnitReportReporter -->
<testsuite hostname="IN-PG02P5S6" failures="0" tests="2" name="com.Selenium_assignment.tests.FooterPageTest" time="0.000" errors="0" timestamp="2022-05-27T22:19:37 IST" skipped="2">
  <testcase classname="com.Selenium_assignment.tests.FooterPageTest" name="clickhelp" time="0.000">
    <skipped/>
  </testcase> <!-- clickhelp -->
  <system-out/>
  <testcase classname="com.Selenium_assignment.tests.FooterPageTest" name="clickfb" time="0.000">
    <skipped/>
  </testcase> <!-- clickfb -->
  <system-out/>
</testsuite> <!-- com.Selenium_assignment.tests.FooterPageTest -->
