<?xml version="1.0" encoding="UTF-8"?>
<!-- Generated by org.testng.reporters.JUnitReportReporter -->
<testsuite hostname="IN-PG02P5S6" failures="0" tests="1" name="com.Selenium_assignment.tests.RegisterPageTest" time="0.000" errors="0" timestamp="2022-05-27T22:19:37 IST" skipped="1">
  <testcase classname="com.Selenium_assignment.tests.RegisterPageTest" name="CreateNewuser" time="0.000">
    <skipped/>
  </testcase> <!-- CreateNewuser -->
  <system-out/>
</testsuite> <!-- com.Selenium_assignment.tests.RegisterPageTest -->
