<?xml version="1.0" encoding="UTF-8"?>
<!-- Generated by org.testng.reporters.JUnitReportReporter -->
<testsuite hostname="IN-PG02P5S6" failures="0" tests="5" name="com.Selenium_assignment.tests.LoginPageTest" time="24.406" errors="0" timestamp="2022-03-05T15:36:50 IST" skipped="0">
  <testcase classname="com.Selenium_assignment.tests.LoginPageTest" name="LoginValidmailid" time="6.355"/>
  <system-out/>
  <testcase classname="com.Selenium_assignment.tests.LoginPageTest" name="Loginvalidmailid" time="3.499"/>
  <system-out/>
  <testcase classname="com.Selenium_assignment.tests.LoginPageTest" name="LogininValidPassword" time="7.513"/>
  <system-out/>
  <testcase classname="com.Selenium_assignment.tests.LoginPageTest" name="Logblankuser" time="2.873"/>
  <system-out/>
  <testcase classname="com.Selenium_assignment.tests.LoginPageTest" name="Loginblankpass" time="4.166"/>
  <system-out/>
</testsuite> <!-- com.Selenium_assignment.tests.LoginPageTest -->
