<?xml version="1.0" encoding="UTF-8"?>
<!-- Generated by org.testng.reporters.JUnitReportReporter -->
<testsuite hostname="IN-PG02P5S6" failures="0" tests="5" name="com.Selenium_assignment.tests.LoginPageTest" time="0.000" errors="0" timestamp="2022-05-27T22:19:37 IST" skipped="5">
  <testcase classname="com.Selenium_assignment.tests.LoginPageTest" name="LoginValidmailid" time="0.000">
    <skipped/>
  </testcase> <!-- LoginValidmailid -->
  <system-out/>
  <testcase classname="com.Selenium_assignment.tests.LoginPageTest" name="Loginvalidmailid" time="0.000">
    <skipped/>
  </testcase> <!-- Loginvalidmailid -->
  <system-out/>
  <testcase classname="com.Selenium_assignment.tests.LoginPageTest" name="LogininValidPassword" time="0.000">
    <skipped/>
  </testcase> <!-- LogininValidPassword -->
  <system-out/>
  <testcase classname="com.Selenium_assignment.tests.LoginPageTest" name="Logblankuser" time="0.000">
    <skipped/>
  </testcase> <!-- Logblankuser -->
  <system-out/>
  <testcase classname="com.Selenium_assignment.tests.LoginPageTest" name="Loginblankpass" time="0.000">
    <skipped/>
  </testcase> <!-- Loginblankpass -->
  <system-out/>
</testsuite> <!-- com.Selenium_assignment.tests.LoginPageTest -->
